TN:
SF:index.js
FNF:0
FNH:0
LF:0
LH:0
BRF:0
BRH:0
end_of_record
TN:
SF:src/genDiff.js
FN:6,(anonymous_0)
FN:7,(anonymous_1)
FN:9,(anonymous_2)
FN:11,(anonymous_3)
FN:17,(anonymous_4)
FN:20,(anonymous_5)
FN:39,(anonymous_6)
FNF:7
FNH:7
FNDA:2,(anonymous_0)
FNDA:2,(anonymous_1)
FNDA:2,(anonymous_2)
FNDA:6,(anonymous_3)
FNDA:1,(anonymous_4)
FNDA:5,(anonymous_5)
FNDA:1,(anonymous_6)
DA:6,2
DA:7,2
DA:9,2
DA:11,1
DA:12,6
DA:13,6
DA:14,4
DA:17,1
DA:18,1
DA:20,1
DA:21,5
DA:22,5
DA:24,5
DA:25,3
DA:27,2
DA:28,2
DA:30,2
DA:32,1
DA:40,1
DA:41,1
DA:43,1
DA:44,1
LF:22
LH:22
BRDA:12,0,0,0
BRDA:12,0,1,6
BRDA:13,1,0,2
BRDA:13,1,1,4
BRDA:24,2,0,2
BRDA:24,2,1,3
BRDA:24,3,0,5
BRDA:24,3,1,4
BRDA:25,4,0,1
BRDA:25,4,1,2
BRDA:25,5,0,3
BRDA:25,5,1,1
BRDA:30,6,0,1
BRDA:30,6,1,1
BRF:14
BRH:13
end_of_record
TN:
SF:src/parse.js
FN:1,(anonymous_0)
FNF:1
FNH:1
FNDA:2,(anonymous_0)
DA:1,1
DA:2,2
DA:4,2
DA:6,0
LF:4
LH:3
BRDA:2,0,0,2
BRDA:2,0,1,0
BRF:2
BRH:1
end_of_record
